<?xml version="1.0" encoding="UTF-8"?>
<testng-results skipped="0" failed="0" total="2" passed="2">
  <reporter-output>
  </reporter-output>
  <suite name="Default suite" duration-ms="13495" started-at="2019-01-11T05:36:21Z" finished-at="2019-01-11T05:36:35Z">
    <groups>
    </groups>
    <test name="Default test" duration-ms="13495" started-at="2019-01-11T05:36:21Z" finished-at="2019-01-11T05:36:35Z">
      <class name="testsuits.GoogleTestCases">
        <test-method status="PASS" signature="TestSetUp()[pri:0, instance:testsuits.GoogleTestCases@72d818d1]" name="TestSetUp" is-config="true" duration-ms="49" started-at="2019-01-11T11:06:21Z" finished-at="2019-01-11T11:06:22Z">
          <reporter-output>
          </reporter-output>
        </test-method> <!-- TestSetUp -->
        <test-method status="PASS" signature="classSetup()[pri:0, instance:testsuits.GoogleTestCases@72d818d1]" name="classSetup" is-config="true" duration-ms="4574" started-at="2019-01-11T11:06:22Z" finished-at="2019-01-11T11:06:26Z">
          <reporter-output>
          </reporter-output>
        </test-method> <!-- classSetup -->
        <test-method status="PASS" signature="TC01_SearchSelenium()[pri:0, instance:testsuits.GoogleTestCases@72d818d1]" name="TC01_SearchSelenium" duration-ms="3944" started-at="2019-01-11T11:06:26Z" finished-at="2019-01-11T11:06:30Z">
          <reporter-output>
          </reporter-output>
        </test-method> <!-- TC01_SearchSelenium -->
        <test-method status="PASS" signature="MethodCleanUp()[pri:0, instance:testsuits.GoogleTestCases@72d818d1]" name="MethodCleanUp" is-config="true" duration-ms="0" started-at="2019-01-11T11:06:30Z" finished-at="2019-01-11T11:06:30Z">
          <reporter-output>
          </reporter-output>
        </test-method> <!-- MethodCleanUp -->
        <test-method status="PASS" signature="TC02_SearchJava()[pri:0, instance:testsuits.GoogleTestCases@72d818d1]" name="TC02_SearchJava" duration-ms="2553" started-at="2019-01-11T11:06:30Z" finished-at="2019-01-11T11:06:33Z">
          <reporter-output>
          </reporter-output>
        </test-method> <!-- TC02_SearchJava -->
        <test-method status="PASS" signature="MethodCleanUp()[pri:0, instance:testsuits.GoogleTestCases@72d818d1]" name="MethodCleanUp" is-config="true" duration-ms="0" started-at="2019-01-11T11:06:33Z" finished-at="2019-01-11T11:06:33Z">
          <reporter-output>
          </reporter-output>
        </test-method> <!-- MethodCleanUp -->
        <test-method status="PASS" signature="CloseDriver()[pri:0, instance:testsuits.GoogleTestCases@72d818d1]" name="CloseDriver" is-config="true" duration-ms="2341" started-at="2019-01-11T11:06:33Z" finished-at="2019-01-11T11:06:35Z">
          <reporter-output>
          </reporter-output>
        </test-method> <!-- CloseDriver -->
      </class> <!-- testsuits.GoogleTestCases -->
    </test> <!-- Default test -->
  </suite> <!-- Default suite -->
</testng-results>
