<?xml version="1.0" encoding="UTF-8"?>
<!-- Generated by org.testng.reporters.JUnitXMLReporter -->
<testsuite hostname="Liku" name="FirefoxTest" tests="6" failures="0" timestamp="26 Oct 2017 07:25:48 GMT" time="954.806" errors="0">
  <testcase name="@BeforeTest setup" time="0.0" classname="testsuits.MagnetoTestCases">
    <failure type="org.openqa.selenium.WebDriverException" message="Failed to decode response from marionette
Build info: version: &amp;apos;3.4.0&amp;apos;, revision: &amp;apos;unknown&amp;apos;, time: &amp;apos;unknown&amp;apos;
System info: host: &amp;apos;LIKU&amp;apos;, ip: &amp;apos;192.168.43.192&amp;apos;, os.name: &amp;apos;Windows 7&amp;apos;, os.arch: &amp;apos;amd64&amp;apos;, os.version: &amp;apos;6.1&amp;apos;, java.version: &amp;apos;1.8.0_121&amp;apos;
Driver info: driver.version: FirefoxDriver
remote stacktrace: stack backtrace:
   0:           0x48916f - &amp;lt;no info&amp;gt;
   1:           0x489f59 - &amp;lt;no info&amp;gt;
   2:           0x44473f - &amp;lt;no info&amp;gt;
   3:           0x41dbb1 - &amp;lt;no info&amp;gt;
   4:           0x407997 - &amp;lt;no info&amp;gt;
   5:           0x6bbb39 - &amp;lt;no info&amp;gt;
   6:           0x415b39 - &amp;lt;no info&amp;gt;
   7:           0x6b6043 - &amp;lt;no info&amp;gt;
   8:         0x774e652d - BaseThreadInitThunk">
      <![CDATA[org.openqa.selenium.WebDriverException: Failed to decode response from marionette
Build info: version: '3.4.0', revision: 'unknown', time: 'unknown'
System info: host: 'LIKU', ip: '192.168.43.192', os.name: 'Windows 7', os.arch: 'amd64', os.version: '6.1', java.version: '1.8.0_121'
Driver info: driver.version: FirefoxDriver
remote stacktrace: stack backtrace:
   0:           0x48916f - <no info>
   1:           0x489f59 - <no info>
   2:           0x44473f - <no info>
   3:           0x41dbb1 - <no info>
   4:           0x407997 - <no info>
   5:           0x6bbb39 - <no info>
   6:           0x415b39 - <no info>
   7:           0x6b6043 - <no info>
   8:         0x774e652d - BaseThreadInitThunk
	at org.openqa.selenium.remote.W3CHandshakeResponse.lambda$new$0(W3CHandshakeResponse.java:57)
	at org.openqa.selenium.remote.W3CHandshakeResponse.lambda$getResponseFunction$2(W3CHandshakeResponse.java:104)
	at org.openqa.selenium.remote.ProtocolHandshake.lambda$createSession$22(ProtocolHandshake.java:365)
	at java.util.stream.ReferencePipeline$3$1.accept(Unknown Source)
	at java.util.Spliterators$ArraySpliterator.tryAdvance(Unknown Source)
	at java.util.stream.ReferencePipeline.forEachWithCancel(Unknown Source)
	at java.util.stream.AbstractPipeline.copyIntoWithCancel(Unknown Source)
	at java.util.stream.AbstractPipeline.copyInto(Unknown Source)
	at java.util.stream.AbstractPipeline.wrapAndCopyInto(Unknown Source)
	at java.util.stream.FindOps$FindOp.evaluateSequential(Unknown Source)
	at java.util.stream.AbstractPipeline.evaluate(Unknown Source)
	at java.util.stream.ReferencePipeline.findFirst(Unknown Source)
	at org.openqa.selenium.remote.ProtocolHandshake.createSession(ProtocolHandshake.java:368)
	at org.openqa.selenium.remote.ProtocolHandshake.createSession(ProtocolHandshake.java:159)
	at org.openqa.selenium.remote.HttpCommandExecutor.execute(HttpCommandExecutor.java:142)
	at org.openqa.selenium.remote.service.DriverCommandExecutor.execute(DriverCommandExecutor.java:82)
	at org.openqa.selenium.remote.RemoteWebDriver.execute(RemoteWebDriver.java:637)
	at org.openqa.selenium.remote.RemoteWebDriver.startSession(RemoteWebDriver.java:250)
	at org.openqa.selenium.remote.RemoteWebDriver.startSession(RemoteWebDriver.java:236)
	at org.openqa.selenium.remote.RemoteWebDriver.<init>(RemoteWebDriver.java:137)
	at org.openqa.selenium.firefox.FirefoxDriver.<init>(FirefoxDriver.java:191)
	at org.openqa.selenium.firefox.FirefoxDriver.<init>(FirefoxDriver.java:108)
	at org.openqa.selenium.firefox.FirefoxDriver.<init>(FirefoxDriver.java:104)
	at testsuits.MagnetoTestCases.setup(MagnetoTestCases.java:101)
	at java.util.concurrent.FutureTask.run(Unknown Source)
	at java.util.concurrent.ThreadPoolExecutor.runWorker(Unknown Source)
	at java.util.concurrent.ThreadPoolExecutor$Worker.run(Unknown Source)
	at java.lang.Thread.run(Unknown Source)
... Removed 18 stack frames]]>
    </failure>
  </testcase> <!-- @BeforeTest setup -->
  <testcase name="@BeforeClass classSetup" time="0.0" classname="testsuits.MagnetoTestCases">
    <skipped/>
  </testcase> <!-- @BeforeClass classSetup -->
  <testcase name="@AfterMethod MethodCleanUp" time="0.0" classname="testsuits.MagnetoTestCases">
    <skipped/>
  </testcase> <!-- @AfterMethod MethodCleanUp -->
  <testcase name="@AfterMethod MethodCleanUp" time="0.0" classname="testsuits.MagnetoTestCases">
    <skipped/>
  </testcase> <!-- @AfterMethod MethodCleanUp -->
  <testcase name="@AfterClass CloseDriver" time="0.0" classname="testsuits.MagnetoTestCases">
    <skipped/>
  </testcase> <!-- @AfterClass CloseDriver -->
  <testcase name="TC01_SortMobile" time="8.629" classname="testsuits.MagnetoTestCases"/>
  <testcase name="TC01_SortMobile" time="8.629" classname="testsuits.MagnetoTestCases"/>
  <testcase name="TC02_VerifyMobileCost" time="6.167" classname="testsuits.MagnetoTestCases"/>
  <testcase name="TC02_VerifyMobileCost" time="6.167" classname="testsuits.MagnetoTestCases"/>
  <testcase name="TC01_SortMobile" time="0.003" classname="testsuits.MagnetoTestCases">
    <skipped/>
  </testcase> <!-- TC01_SortMobile -->
  <testcase name="TC02_VerifyMobileCost" time="0.004" classname="testsuits.MagnetoTestCases">
    <skipped/>
  </testcase> <!-- TC02_VerifyMobileCost -->
</testsuite> <!-- FirefoxTest -->
