<?xml version="1.0" encoding="UTF-8"?>
<!-- Generated by org.testng.reporters.JUnitXMLReporter -->
<testsuite hostname="Liku" name="Default test" tests="4" failures="0" timestamp="11 Jan 2019 05:36:35 GMT" time="13.495" errors="0">
  <testcase name="TC01_SearchSelenium" time="3.944" classname="testsuits.GoogleTestCases"/>
  <testcase name="TC01_SearchSelenium" time="3.944" classname="testsuits.GoogleTestCases"/>
  <testcase name="TC02_SearchJava" time="2.553" classname="testsuits.GoogleTestCases"/>
  <testcase name="TC02_SearchJava" time="2.553" classname="testsuits.GoogleTestCases"/>
</testsuite> <!-- Default test -->
